<?xml version="1.0" encoding="UTF-8"?>
<!-- Generated by org.testng.reporters.JUnitReportReporter -->
<testsuite hostname="hoangcv" name="autotest.chrome" tests="1" failures="0" timestamp="13 Nov 2019 08:34:18 GMT" time="0.015" errors="0">
  <testcase name="f" time="0.015" classname="autotest.chrome"/>
</testsuite> <!-- autotest.chrome -->
