<?xml version="1.0" encoding="UTF-8"?>
<!-- Generated by org.testng.reporters.JUnitReportReporter -->
<testsuite hostname="hoangcv" name="autotest.NewTest" tests="1" failures="0" timestamp="12 Nov 2019 17:51:14 GMT" time="0.004" errors="0">
  <testcase name="f" time="0.004" classname="autotest.NewTest"/>
</testsuite> <!-- autotest.NewTest -->
